<?xml version="1.0" encoding="utf-8"?>
<coverage line-rate="0.8758" branch-rate="0.6909000000000001" version="1.9" timestamp="1778950002" lines-covered="1898" lines-valid="2167" branches-covered="398" branches-valid="576">
  <sources>
    <source>/home/runner/work/aeternum-db/aeternum-db/src/AeternumDB.Core/</source>
  </sources>
  <packages>
    <package name="AeternumDB.Core" line-rate="0.8758" branch-rate="0.6909000000000001" complexity="739">
      <classes>
        <class name="AeternumDB.Core.Types.DbValue" filename="Types/DbValue.cs" line-rate="0.8571" branch-rate="1" complexity="7">
          <methods>
            <method name="get_IsNull" signature="()" line-rate="0" branch-rate="1" complexity="1">
              <lines>
                <line number="119" hits="0" branch="False" />
              </lines>
            </method>
            <method name="AsInteger" signature="()" line-rate="1" branch-rate="1" complexity="1">
              <lines>
                <line number="127" hits="2" branch="False" />
              </lines>
            </method>
            <method name="AsFloat" signature="()" line-rate="1" branch-rate="1" complexity="1">
              <lines>
                <line number="130" hits="2" branch="False" />
              </lines>
            </method>
            <method name="AsString" signature="()" line-rate="1" branch-rate="1" complexity="1">
              <lines>
                <line number="133" hits="1" branch="False" />
              </lines>
            </method>
            <method name="AsBool" signature="()" line-rate="1" branch-rate="1" complexity="1">
              <lines>
                <line number="136" hits="2" branch="False" />
              </lines>
            </method>
            <method name="AsArray" signature="()" line-rate="1" branch-rate="1" complexity="1">
              <lines>
                <line number="139" hits="2" branch="False" />
              </lines>
            </method>
            <method name=".ctor" signature="()" line-rate="1" branch-rate="1" complexity="1">
              <lines>
                <line number="19" hits="116" branch="False" />
              </lines>
            </method>
          </methods>
          <lines>
            <line number="119" hits="0" branch="False" />
            <line number="127" hits="2" branch="False" />
            <line number="130" hits="2" branch="False" />
            <line number="133" hits="1" branch="False" />
            <line number="136" hits="2" branch="False" />
            <line number="139" hits="2" branch="False" />
            <line number="19" hits="116" branch="False" />
          </lines>
        </class>
        <class name="AeternumDB.Core.Types.DbValue/Null" filename="Types/DbValue.cs" line-rate="0.875" branch-rate="1" complexity="8">
          <methods>
            <method name="ToString" signature="()" line-rate="1" branch-rate="1" complexity="1">
              <lines>
                <line number="25" hits="1" branch="False" />
              </lines>
            </method>
            <method name="Equals" signature="(AeternumDB.Core.Types.DbValue)" line-rate="0" branch-rate="1" complexity="1">
              <lines>
                <line number="26" hits="0" branch="False" />
              </lines>
            </method>
            <method name="Equals" signature="(System.Object)" line-rate="1" branch-rate="1" complexity="1">
              <lines>
                <line number="27" hits="1" branch="False" />
              </lines>
            </method>
            <method name="GetHashCode" signature="()" line-rate="1" branch-rate="1" complexity="1">
              <lines>
                <line number="28" hits="1" branch="False" />
              </lines>
            </method>
            <method name="AsString" signature="()" line-rate="1" branch-rate="1" complexity="1">
              <lines>
                <line number="29" hits="1" branch="False" />
              </lines>
            </method>
            <method name="get_IsNull" signature="()" line-rate="1" branch-rate="1" complexity="1">
              <lines>
                <line number="30" hits="2" branch="False" />
              </lines>
            </method>
            <method name=".ctor" signature="()" line-rate="1" branch-rate="1" complexity="1">
              <lines>
                <line number="24" hits="2" branch="False" />
              </lines>
            </method>
            <method name=".cctor" signature="()" line-rate="1" branch-rate="1" complexity="1">
              <lines>
                <line number="23" hits="1" branch="False" />
              </lines>
            </method>
          </methods>
          <lines>
            <line number="25" hits="1" branch="False" />
            <line number="26" hits="0" branch="False" />
            <line number="27" hits="1" branch="False" />
            <line number="28" hits="1" branch="False" />
            <line number="29" hits="1" branch="False" />
            <line number="30" hits="2" branch="False" />
            <line number="24" hits="2" branch="False" />
            <line number="23" hits="1" branch="False" />
          </lines>
        </class>
        <class name="AeternumDB.Core.Types.DbValue/Boolean" filename="Types/DbValue.cs" line-rate="0.8571" branch-rate="0.3333" complexity="10">
          <methods>
            <method name="get_Value" signature="()" line-rate="1" branch-rate="1" complexity="1">
              <lines>
                <line number="35" hits="11" branch="False" />
              </lines>
            </method>
            <method name="ToString" signature="()" line-rate="1" branch-rate="0.5" complexity="2">
              <lines>
                <line number="36" hits="1" branch="True" condition-coverage="50% (1/2)">
                  <conditions>
                    <condition number="6" type="jump" coverage="50%" />
                  </conditions>
                </line>
              </lines>
            </method>
            <method name="Equals" signature="(AeternumDB.Core.Types.DbValue)" line-rate="1" branch-rate="0.5" complexity="2">
              <lines>
                <line number="37" hits="1" branch="True" condition-coverage="50% (1/2)">
                  <conditions>
                    <condition number="8" type="jump" coverage="50%" />
                  </conditions>
                </line>
              </lines>
            </method>
            <method name="Equals" signature="(System.Object)" line-rate="0" branch-rate="0" complexity="2">
              <lines>
                <line number="38" hits="0" branch="True" condition-coverage="0% (0/2)">
                  <conditions>
                    <condition number="8" type="jump" coverage="0%" />
                  </conditions>
                </line>
              </lines>
            </method>
            <method name="GetHashCode" signature="()" line-rate="1" branch-rate="1" complexity="1">
              <lines>
                <line number="39" hits="2" branch="False" />
              </lines>
            </method>
            <method name="AsBool" signature="()" line-rate="1" branch-rate="1" complexity="1">
              <lines>
                <line number="40" hits="1" branch="False" />
              </lines>
            </method>
            <method name=".ctor" signature="(System.Boolean)" line-rate="1" branch-rate="1" complexity="1">
              <lines>
                <line number="33" hits="5" branch="False" />
              </lines>
            </method>
          </methods>
          <lines>
            <line number="35" hits="11" branch="False" />
            <line number="36" hits="1" branch="True" condition-coverage="50% (1/2)">
              <conditions>
                <condition number="6" type="jump" coverage="50%" />
              </conditions>
            </line>
            <line number="37" hits="1" branch="True" condition-coverage="50% (1/2)">
              <conditions>
                <condition number="8" type="jump" coverage="50%" />
              </conditions>
            </line>
            <line number="38" hits="0" branch="True" condition-coverage="0% (0/2)">
              <conditions>
                <condition number="8" type="jump" coverage="0%" />
              </conditions>
            </line>
            <line number="39" hits="2" branch="False" />
            <line number="40" hits="1" branch="False" />
            <line number="33" hits="5" branch="False" />
          </lines>
        </class>
        <class name="AeternumDB.Core.Types.DbValue/Integer" filename="Types/DbValue.cs" line-rate="0.875" branch-rate="0.25" complexity="10">
          <methods>
            <method name="get_Value" signature="()" line-rate="1" branch-rate="1" complexity="1">
              <lines>
                <line number="45" hits="33" branch="False" />
              </lines>
            </method>
            <method name="ToString" signature="()" line-rate="1" branch-rate="1" complexity="1">
              <lines>
                <line number="46" hits="3" branch="False" />
              </lines>
            </method>
            <method name="Equals" signature="(AeternumDB.Core.Types.DbValue)" line-rate="1" branch-rate="0.5" complexity="2">
              <lines>
                <line number="47" hits="5" branch="True" condition-coverage="50% (1/2)">
                  <conditions>
                    <condition number="8" type="jump" coverage="50%" />
                  </conditions>
                </line>
              </lines>
            </method>
            <method name="Equals" signature="(System.Object)" line-rate="0" branch-rate="0" complexity="2">
              <lines>
                <line number="48" hits="0" branch="True" condition-coverage="0% (0/2)">
                  <conditions>
                    <condition number="8" type="jump" coverage="0%" />
                  </conditions>
                </line>
              </lines>
            </method>
            <method name="GetHashCode" signature="()" line-rate="1" branch-rate="1" complexity="1">
              <lines>
                <line number="49" hits="2" branch="False" />
              </lines>
            </method>
            <method name="AsInteger" signature="()" line-rate="1" branch-rate="1" complexity="1">
              <lines>
                <line number="50" hits="1" branch="False" />
              </lines>
            </method>
            <method name="AsFloat" signature="()" line-rate="1" branch-rate="1" complexity="1">
              <lines>
                <line number="51" hits="1" branch="False" />
              </lines>
            </method>
            <method name=".ctor" signature="(System.Int64)" line-rate="1" branch-rate="1" complexity="1">
              <lines>
                <line number="43" hits="16" branch="False" />
              </lines>
            </method>
          </methods>
          <lines>
            <line number="45" hits="33" branch="False" />
            <line number="46" hits="3" branch="False" />
            <line number="47" hits="5" branch="True" condition-coverage="50% (1/2)">
              <conditions>
                <condition number="8" type="jump" coverage="50%" />
              </conditions>
            </line>
            <line number="48" hits="0" branch="True" condition-coverage="0% (0/2)">
              <conditions>
                <condition number="8" type="jump" coverage="0%" />
              </conditions>
            </line>
            <line number="49" hits="2" branch="False" />
            <line number="50" hits="1" branch="False" />
            <line number="51" hits="1" branch="False" />
            <line number="43" hits="16" branch="False" />
          </lines>
        </class>
        <class name="AeternumDB.Core.Types.DbValue/Float" filename="Types/DbValue.cs" line-rate="0.8571" branch-rate="0.25" complexity="9">
          <methods>
            <method name="get_Value" signature="()" line-rate="1" branch-rate="1" complexity="1">
              <lines>
                <line number="56" hits="10" branch="False" />
              </lines>
            </method>
            <method name="ToString" signature="()" line-rate="1" branch-rate="1" complexity="1">
              <lines>
                <line number="57" hits="1" branch="False" />
              </lines>
            </method>
            <method name="Equals" signature="(AeternumDB.Core.Types.DbValue)" line-rate="1" branch-rate="0.5" complexity="2">
              <lines>
                <line number="59" hits="1" branch="True" condition-coverage="50% (1/2)">
                  <conditions>
                    <condition number="8" type="jump" coverage="50%" />
                  </conditions>
                </line>
              </lines>
            </method>
            <method name="Equals" signature="(System.Object)" line-rate="0" branch-rate="0" complexity="2">
              <lines>
                <line number="61" hits="0" branch="True" condition-coverage="0% (0/2)">
                  <conditions>
                    <condition number="8" type="jump" coverage="0%" />
                  </conditions>
                </line>
              </lines>
            </method>
            <method name="GetHashCode" signature="()" line-rate="1" branch-rate="1" complexity="1">
              <lines>
                <line number="62" hits="2" branch="False" />
              </lines>
            </method>
            <method name="AsFloat" signature="()" line-rate="1" branch-rate="1" complexity="1">
              <lines>
                <line number="63" hits="1" branch="False" />
              </lines>
            </method>
            <method name=".ctor" signature="(System.Double)" line-rate="1" branch-rate="1" complexity="1">
              <lines>
                <line number="54" hits="4" branch="False" />
              </lines>
            </method>
          </methods>
          <lines>
            <line number="56" hits="10" branch="False" />
            <line number="57" hits="1" branch="False" />
            <line number="59" hits="1" branch="True" condition-coverage="50% (1/2)">
              <conditions>
                <condition number="8" type="jump" coverage="50%" />
              </conditions>
            </line>
            <line number="61" hits="0" branch="True" condition-coverage="0% (0/2)">
              <conditions>
                <condition number="8" type="jump" coverage="0%" />
              </conditions>
            </line>
            <line number="62" hits="2" branch="False" />
            <line number="63" hits="1" branch="False" />
            <line number="54" hits="4" branch="False" />
          </lines>
        </class>
        <class name="AeternumDB.Core.Types.DbValue/Text" filename="Types/DbValue.cs" line-rate="0.8571" branch-rate="0.25" complexity="9">
          <methods>
            <method name="get_Value" signature="()" line-rate="1" branch-rate="1" complexity="1">
              <lines>
                <line number="68" hits="25" branch="False" />
              </lines>
            </method>
            <method name="ToString" signature="()" line-rate="1" branch-rate="1" complexity="1">
              <lines>
                <line number="69" hits="2" branch="False" />
              </lines>
            </method>
            <method name="Equals" signature="(AeternumDB.Core.Types.DbValue)" line-rate="1" branch-rate="0.5" complexity="2">
              <lines>
                <line number="70" hits="4" branch="True" condition-coverage="50% (1/2)">
                  <conditions>
                    <condition number="8" type="jump" coverage="50%" />
                  </conditions>
                </line>
              </lines>
            </method>
            <method name="Equals" signature="(System.Object)" line-rate="0" branch-rate="0" complexity="2">
              <lines>
                <line number="71" hits="0" branch="True" condition-coverage="0% (0/2)">
                  <conditions>
                    <condition number="8" type="jump" coverage="0%" />
                  </conditions>
                </line>
              </lines>
            </method>
            <method name="GetHashCode" signature="()" line-rate="1" branch-rate="1" complexity="1">
              <lines>
                <line number="72" hits="2" branch="False" />
              </lines>
            </method>
            <method name="AsString" signature="()" line-rate="1" branch-rate="1" complexity="1">
              <lines>
                <line number="73" hits="1" branch="False" />
              </lines>
            </method>
            <method name=".ctor" signature="(System.String)" line-rate="1" branch-rate="1" complexity="1">
              <lines>
                <line number="66" hits="12" branch="False" />
              </lines>
            </method>
          </methods>
          <lines>
            <line number="68" hits="25" branch="False" />
            <line number="69" hits="2" branch="False" />
            <line number="70" hits="4" branch="True" condition-coverage="50% (1/2)">
              <conditions>
                <condition number="8" type="jump" coverage="50%" />
              </conditions>
            </line>
            <line number="71" hits="0" branch="True" condition-coverage="0% (0/2)">
              <conditions>
                <condition number="8" type="jump" coverage="0%" />
              </conditions>
            </line>
            <line number="72" hits="2" branch="False" />
            <line number="73" hits="1" branch="False" />
            <line number="66" hits="12" branch="False" />
          </lines>
        </class>
        <class name="AeternumDB.Core.Types.DbValue/Bytes" filename="Types/DbValue.cs" line-rate="0.8332999999999999" branch-rate="0.25" complexity="8">
          <methods>
            <method name="get_Value" signature="()" line-rate="1" branch-rate="1" complexity="1">
              <lines>
                <line number="78" hits="15" branch="False" />
              </lines>
            </method>
            <method name="ToString" signature="()" line-rate="1" branch-rate="1" complexity="1">
              <lines>
                <line number="79" hits="1" branch="False" />
              </lines>
            </method>
            <method name="Equals" signature="(AeternumDB.Core.Types.DbValue)" line-rate="1" branch-rate="0.5" complexity="2">
              <lines>
                <line number="81" hits="3" branch="True" condition-coverage="50% (1/2)">
                  <conditions>
                    <condition number="8" type="jump" coverage="50%" />
                  </conditions>
                </line>
              </lines>
            </method>
            <method name="Equals" signature="(System.Object)" line-rate="0" branch-rate="0" complexity="2">
              <lines>
                <line number="83" hits="0" branch="True" condition-coverage="0% (0/2)">
                  <conditions>
                    <condition number="8" type="jump" coverage="0%" />
                  </conditions>
                </line>
              </lines>
            </method>
            <method name="GetHashCode" signature="()" line-rate="1" branch-rate="1" complexity="1">
              <lines>
                <line number="84" hits="2" branch="False" />
              </lines>
            </method>
            <method name=".ctor" signature="(System.Byte[])" line-rate="1" branch-rate="1" complexity="1">
              <lines>
                <line number="76" hits="6" branch="False" />
              </lines>
            </method>
          </methods>
          <lines>
            <line number="78" hits="15" branch="False" />
            <line number="79" hits="1" branch="False" />
            <line number="81" hits="3" branch="True" condition-coverage="50% (1/2)">
              <conditions>
                <condition number="8" type="jump" coverage="50%" />
              </conditions>
            </line>
            <line number="83" hits="0" branch="True" condition-coverage="0% (0/2)">
              <conditions>
                <condition number="8" type="jump" coverage="0%" />
              </conditions>
            </line>
            <line number="84" hits="2" branch="False" />
            <line number="76" hits="6" branch="False" />
          </lines>
        </class>
        <class name="AeternumDB.Core.Types.DbValue/Array" filename="Types/DbValue.cs" line-rate="0.8571" branch-rate="0.25" complexity="9">
          <methods>
            <method name="get_Items" signature="()" line-rate="1" branch-rate="1" complexity="1">
              <lines>
                <line number="89" hits="10" branch="False" />
              </lines>
            </method>
            <method name="ToString" signature="()" line-rate="1" branch-rate="1" complexity="1">
              <lines>
                <line number="90" hits="1" branch="False" />
              </lines>
            </method>
            <method name="Equals" signature="(AeternumDB.Core.Types.DbValue)" line-rate="1" branch-rate="0.5" complexity="2">
              <lines>
                <line number="92" hits="1" branch="True" condition-coverage="50% (1/2)">
                  <conditions>
                    <condition number="8" type="jump" coverage="50%" />
                  </conditions>
                </line>
              </lines>
            </method>
            <method name="Equals" signature="(System.Object)" line-rate="0" branch-rate="0" complexity="2">
              <lines>
                <line number="94" hits="0" branch="True" condition-coverage="0% (0/2)">
                  <conditions>
                    <condition number="8" type="jump" coverage="0%" />
                  </conditions>
                </line>
              </lines>
            </method>
            <method name="GetHashCode" signature="()" line-rate="1" branch-rate="1" complexity="1">
              <lines>
                <line number="95" hits="2" branch="False" />
              </lines>
            </method>
            <method name="AsArray" signature="()" line-rate="1" branch-rate="1" complexity="1">
              <lines>
                <line number="96" hits="1" branch="False" />
              </lines>
            </method>
            <method name=".ctor" signature="(AeternumDB.Core.Types.DbValue[])" line-rate="1" branch-rate="1" complexity="1">
              <lines>
                <line number="87" hits="4" branch="False" />
              </lines>
            </method>
          </methods>
          <lines>
            <line number="89" hits="10" branch="False" />
            <line number="90" hits="1" branch="False" />
            <line number="92" hits="1" branch="True" condition-coverage="50% (1/2)">
              <conditions>
                <condition number="8" type="jump" coverage="50%" />
              </conditions>
            </line>
            <line number="94" hits="0" branch="True" condition-coverage="0% (0/2)">
              <conditions>
                <condition number="8" type="jump" coverage="0%" />
              </conditions>
            </line>
            <line number="95" hits="2" branch="False" />
            <line number="96" hits="1" branch="False" />
            <line number="87" hits="4" branch="False" />
          </lines>
        </class>
        <class name="AeternumDB.Core.Types.DbValue/Decimal" filename="Types/DbValue.cs" line-rate="0.8332999999999999" branch-rate="0.25" complexity="8">
          <methods>
            <method name="get_Value" signature="()" line-rate="1" branch-rate="1" complexity="1">
              <lines>
                <line number="102" hits="12" branch="False" />
              </lines>
            </method>
            <method name="ToString" signature="()" line-rate="1" branch-rate="1" complexity="1">
              <lines>
                <line number="103" hits="1" branch="False" />
              </lines>
            </method>
            <method name="Equals" signature="(AeternumDB.Core.Types.DbValue)" line-rate="1" branch-rate="0.5" complexity="2">
              <lines>
                <line number="104" hits="2" branch="True" condition-coverage="50% (1/2)">
                  <conditions>
                    <condition number="8" type="jump" coverage="50%" />
                  </conditions>
                </line>
              </lines>
            </method>
            <method name="Equals" signature="(System.Object)" line-rate="0" branch-rate="0" complexity="2">
              <lines>
                <line number="105" hits="0" branch="True" condition-coverage="0% (0/2)">
                  <conditions>
                    <condition number="8" type="jump" coverage="0%" />
                  </conditions>
                </line>
              </lines>
            </method>
            <method name="GetHashCode" signature="()" line-rate="1" branch-rate="1" complexity="1">
              <lines>
                <line number="106" hits="2" branch="False" />
              </lines>
            </method>
            <method name=".ctor" signature="(System.Decimal)" line-rate="1" branch-rate="1" complexity="1">
              <lines>
                <line number="100" hits="5" branch="False" />
              </lines>
            </method>
          </methods>
          <lines>
            <line number="102" hits="12" branch="False" />
            <line number="103" hits="1" branch="False" />
            <line number="104" hits="2" branch="True" condition-coverage="50% (1/2)">
              <conditions>
                <condition number="8" type="jump" coverage="50%" />
              </conditions>
            </line>
            <line number="105" hits="0" branch="True" condition-coverage="0% (0/2)">
              <conditions>
                <condition number="8" type="jump" coverage="0%" />
              </conditions>
            </line>
            <line number="106" hits="2" branch="False" />
            <line number="100" hits="5" branch="False" />
          </lines>
        </class>
        <class name="AeternumDB.Core.Types.DbValue/Json" filename="Types/DbValue.cs" line-rate="0.8332999999999999" branch-rate="0.25" complexity="8">
          <methods>
            <method name="get_Value" signature="()" line-rate="1" branch-rate="1" complexity="1">
              <lines>
                <line number="112" hits="12" branch="False" />
              </lines>
            </method>
            <method name="ToString" signature="()" line-rate="1" branch-rate="1" complexity="1">
              <lines>
                <line number="113" hits="1" branch="False" />
              </lines>
            </method>
            <method name="Equals" signature="(AeternumDB.Core.Types.DbValue)" line-rate="1" branch-rate="0.5" complexity="2">
              <lines>
                <line number="114" hits="2" branch="True" condition-coverage="50% (1/2)">
                  <conditions>
                    <condition number="8" type="jump" coverage="50%" />
                  </conditions>
                </line>
              </lines>
            </method>
            <method name="Equals" signature="(System.Object)" line-rate="0" branch-rate="0" complexity="2">
              <lines>
                <line number="115" hits="0" branch="True" condition-coverage="0% (0/2)">
                  <conditions>
                    <condition number="8" type="jump" coverage="0%" />
                  </conditions>
                </line>
              </lines>
            </method>
            <method name="GetHashCode" signature="()" line-rate="1" branch-rate="1" complexity="1">
              <lines>
                <line number="116" hits="2" branch="False" />
              </lines>
            </method>
            <method name=".ctor" signature="(System.String)" line-rate="1" branch-rate="1" complexity="1">
              <lines>
                <line number="110" hits="5" branch="False" />
              </lines>
            </method>
          </methods>
          <lines>
            <line number="112" hits="12" branch="False" />
            <line number="113" hits="1" branch="False" />
            <line number="114" hits="2" branch="True" condition-coverage="50% (1/2)">
              <conditions>
                <condition number="8" type="jump" coverage="50%" />
              </conditions>
            </line>
            <line number="115" hits="0" branch="True" condition-coverage="0% (0/2)">
              <conditions>
                <condition number="8" type="jump" coverage="0%" />
              </conditions>
            </line>
            <line number="116" hits="2" branch="False" />
            <line number="110" hits="5" branch="False" />
          </lines>
        </class>
        <class name="AeternumDB.Core.Types.PageId" filename="Types/Page.cs" line-rate="0.8" branch-rate="1" complexity="5">
          <methods>
            <method name="get_Value" signature="()" line-rate="1" branch-rate="1" complexity="1">
              <lines>
                <line number="6" hits="3616" branch="False" />
              </lines>
            </method>
            <method name="ToString" signature="()" line-rate="1" branch-rate="1" complexity="1">
              <lines>
                <line number="9" hits="7" branch="False" />
              </lines>
            </method>
            <method name="op_Implicit" signature="(AeternumDB.Core.Types.PageId)" line-rate="1" branch-rate="1" complexity="1">
              <lines>
                <line number="10" hits="1493" branch="False" />
              </lines>
            </method>
            <method name="op_Implicit" signature="(System.UInt64)" line-rate="1" branch-rate="1" complexity="1">
              <lines>
                <line number="11" hits="1927" branch="False" />
              </lines>
            </method>
            <method name=".cctor" signature="()" line-rate="0" branch-rate="1" complexity="1">
              <lines>
                <line number="8" hits="0" branch="False" />
              </lines>
            </method>
          </methods>
          <lines>
            <line number="6" hits="3616" branch="False" />
            <line number="9" hits="7" branch="False" />
            <line number="10" hits="1493" branch="False" />
            <line number="11" hits="1927" branch="False" />
            <line number="8" hits="0" branch="False" />
          </lines>
        </class>
        <class name="AeternumDB.Core.Types.PageHeader" filename="Types/Page.cs" line-rate="1" branch-rate="1" complexity="1">
          <methods>
            <method name=".ctor" signature="(System.UInt64,AeternumDB.Core.Types.PageType,System.UInt16,System.UInt32)" line-rate="1" branch-rate="1" complexity="1">
              <lines>
                <line number="39" hits="2158" branch="False" />
                <line number="40" hits="2158" branch="False" />
                <line number="41" hits="2158" branch="False" />
                <line number="42" hits="2158" branch="False" />
                <line number="43" hits="2158" branch="False" />
              </lines>
            </method>
          </methods>
          <lines>
            <line number="39" hits="2158" branch="False" />
            <line number="40" hits="2158" branch="False" />
            <line number="41" hits="2158" branch="False" />
            <line number="42" hits="2158" branch="False" />
            <line number="43" hits="2158" branch="False" />
          </lines>
        </class>
        <class name="AeternumDB.Core.Types.ColumnMeta" filename="Types/Records.cs" line-rate="0.9" branch-rate="1" complexity="6">
          <methods>
            <method name="get_Name" signature="()" line-rate="0" branch-rate="1" complexity="1">
              <lines>
                <line number="8" hits="0" branch="False" />
              </lines>
            </method>
            <method name="get_TypeName" signature="()" line-rate="1" branch-rate="1" complexity="1">
              <lines>
                <line number="9" hits="5" branch="False" />
              </lines>
            </method>
            <method name="get_InnerCount" signature="()" line-rate="1" branch-rate="1" complexity="1">
              <lines>
                <line number="10" hits="5" branch="False" />
              </lines>
            </method>
            <method name="get_IsArray" signature="()" line-rate="1" branch-rate="1" complexity="2">
              <lines>
                <line number="20" hits="3" branch="True" condition-coverage="100% (2/2)">
                  <conditions>
                    <condition number="17" type="jump" coverage="100%" />
                  </conditions>
                </line>
                <line number="21" hits="3" branch="False" />
              </lines>
            </method>
            <method name=".ctor" signature="(System.String,System.String,System.Nullable`1&lt;System.Int32&gt;)" line-rate="1" branch-rate="1" complexity="1">
              <lines>
                <line number="12" hits="5" branch="False" />
                <line number="14" hits="5" branch="False" />
                <line number="15" hits="5" branch="False" />
                <line number="16" hits="5" branch="False" />
                <line number="17" hits="5" branch="False" />
              </lines>
            </method>
          </methods>
          <lines>
            <line number="8" hits="0" branch="False" />
            <line number="9" hits="5" branch="False" />
            <line number="10" hits="5" branch="False" />
            <line number="20" hits="3" branch="True" condition-coverage="100% (2/2)">
              <conditions>
                <condition number="17" type="jump" coverage="100%" />
              </conditions>
            </line>
            <line number="21" hits="3" branch="False" />
            <line number="12" hits="5" branch="False" />
            <line number="14" hits="5" branch="False" />
            <line number="15" hits="5" branch="False" />
            <line number="16" hits="5" branch="False" />
            <line number="17" hits="5" branch="False" />
          </lines>
        </class>
        <class name="AeternumDB.Core.Types.DbRow" filename="Types/Records.cs" line-rate="1" branch-rate="1" complexity="9">
          <methods>
            <method name="Get" signature="(System.String)" line-rate="1" branch-rate="1" complexity="2">
              <lines>
                <line number="39" hits="5" branch="True" condition-coverage="100% (2/2)">
                  <conditions>
                    <condition number="14" type="jump" coverage="100%" />
                  </conditions>
                </line>
              </lines>
            </method>
            <method name="Set" signature="(System.String,AeternumDB.Core.Types.DbValue)" line-rate="1" branch-rate="1" complexity="1">
              <lines>
                <line number="41" hits="5" branch="False" />
              </lines>
            </method>
            <method name="get_Columns" signature="()" line-rate="1" branch-rate="1" complexity="1">
              <lines>
                <line number="42" hits="1" branch="False" />
              </lines>
            </method>
            <method name="get_ColumnCount" signature="()" line-rate="1" branch-rate="1" complexity="1">
              <lines>
                <line number="43" hits="1" branch="False" />
              </lines>
            </method>
            <method name="FromPairs" signature="(System.Collections.Generic.IEnumerable`1&lt;System.ValueTuple`2&lt;System.String,AeternumDB.Core.Types.DbValue&gt;&gt;)" line-rate="1" branch-rate="1" complexity="2">
              <lines>
                <line number="47" hits="1" branch="False" />
                <line number="48" hits="6" branch="True" condition-coverage="100% (2/2)">
                  <conditions>
                    <condition number="48" type="jump" coverage="100%" />
                  </conditions>
                </line>
                <line number="49" hits="2" branch="False" />
                <line number="50" hits="1" branch="False" />
              </lines>
            </method>
            <method name=".ctor" signature="(System.Collections.Generic.Dictionary`2&lt;System.String,AeternumDB.Core.Types.DbValue&gt;)" line-rate="1" branch-rate="1" complexity="1">
              <lines>
                <line number="31" hits="4" branch="False" />
                <line number="33" hits="4" branch="False" />
                <line number="34" hits="4" branch="False" />
              </lines>
            </method>
            <method name=".ctor" signature="()" line-rate="1" branch-rate="1" complexity="1">
              <lines>
                <line number="36" hits="8" branch="False" />
              </lines>
            </method>
          </methods>
          <lines>
            <line number="39" hits="5" branch="True" condition-coverage="100% (2/2)">
              <conditions>
                <condition number="14" type="jump" coverage="100%" />
              </conditions>
            </line>
            <line number="41" hits="5" branch="False" />
            <line number="42" hits="1" branch="False" />
            <line number="43" hits="1" branch="False" />
            <line number="47" hits="1" branch="False" />
            <line number="48" hits="6" branch="True" condition-coverage="100% (2/2)">
              <conditions>
                <condition number="48" type="jump" coverage="100%" />
              </conditions>
            </line>
            <line number="49" hits="2" branch="False" />
            <line number="50" hits="1" branch="False" />
            <line number="31" hits="4" branch="False" />
            <line number="33" hits="4" branch="False" />
            <line number="34" hits="4" branch="False" />
            <line number="36" hits="8" branch="False" />
          </lines>
        </class>
        <class name="AeternumDB.Core.Types.RecordBatch" filename="Types/Records.cs" line-rate="1" branch-rate="1" complexity="5">
          <methods>
            <method name="get_Rows" signature="()" line-rate="1" branch-rate="1" complexity="1">
              <lines>
                <line number="59" hits="3" branch="False" />
              </lines>
            </method>
            <method name="get_Schema" signature="()" line-rate="1" branch-rate="1" complexity="1">
              <lines>
                <line number="60" hits="1" branch="False" />
              </lines>
            </method>
            <method name="get_RowCount" signature="()" line-rate="1" branch-rate="1" complexity="1">
              <lines>
                <line number="68" hits="2" branch="False" />
              </lines>
            </method>
            <method name="Empty" signature="(System.Collections.Generic.IReadOnlyList`1&lt;AeternumDB.Core.Types.ColumnMeta&gt;)" line-rate="1" branch-rate="1" complexity="1">
              <lines>
                <line number="70" hits="1" branch="False" />
              </lines>
            </method>
            <method name=".ctor" signature="(System.Collections.Generic.IReadOnlyList`1&lt;AeternumDB.Core.Types.DbRow&gt;,System.Collections.Generic.IReadOnlyList`1&lt;AeternumDB.Core.Types.ColumnMeta&gt;)" line-rate="1" branch-rate="1" complexity="1">
              <lines>
                <line number="62" hits="2" branch="False" />
                <line number="64" hits="2" branch="False" />
                <line number="65" hits="2" branch="False" />
                <line number="66" hits="2" branch="False" />
              </lines>
            </method>
          </methods>
          <lines>
            <line number="59" hits="3" branch="False" />
            <line number="60" hits="1" branch="False" />
            <line number="68" hits="2" branch="False" />
            <line number="70" hits="1" branch="False" />
            <line number="62" hits="2" branch="False" />
            <line number="64" hits="2" branch="False" />
            <line number="65" hits="2" branch="False" />
            <line number="66" hits="2" branch="False" />
          </lines>
        </class>
        <class name="AeternumDB.Core.Storage.BufferPool" filename="Storage/BufferPool.cs" line-rate="0.9848" branch-rate="1" complexity="33">
          <methods>
            <method name="get_Capacity" signature="()" line-rate="0" branch-rate="1" complexity="1">
              <lines>
                <line number="31" hits="0" branch="False" />
              </lines>
            </method>
            <method name="get_Count" signature="()" line-rate="1" branch-rate="1" complexity="1">
              <lines>
                <line number="32" hits="3" branch="False" />
              </lines>
            </method>
            <method name="Insert" signature="(AeternumDB.Core.Types.PageId,System.Byte[])" line-rate="1" branch-rate="1" complexity="4">
              <lines>
                <line number="49" hits="61" branch="False" />
                <line number="51" hits="61" branch="True" condition-coverage="100% (2/2)">
                  <conditions>
                    <condition number="29" type="jump" coverage="100%" />
                  </conditions>
                </line>
                <line number="52" hits="1" branch="False" />
                <line number="54" hits="60" branch="True" condition-coverage="100% (2/2)">
                  <conditions>
                    <condition number="50" type="jump" coverage="100%" />
                  </conditions>
                </line>
                <line number="55" hits="2" branch="False" />
                <line number="57" hits="59" branch="False" />
                <line number="58" hits="59" branch="False" />
                <line number="59" hits="59" branch="False" />
                <line number="60" hits="60" branch="False" />
              </lines>
            </method>
            <method name="TryPin" signature="(AeternumDB.Core.Types.PageId,System.Byte[]&amp;)" line-rate="1" branch-rate="1" complexity="2">
              <lines>
                <line number="68" hits="1626" branch="False" />
                <line number="70" hits="1626" branch="True" condition-coverage="100% (2/2)">
                  <conditions>
                    <condition number="31" type="jump" coverage="100%" />
                  </conditions>
                </line>
                <line number="72" hits="56" branch="False" />
                <line number="73" hits="56" branch="False" />
                <line number="75" hits="1570" branch="False" />
                <line number="76" hits="1570" branch="False" />
                <line number="77" hits="1570" branch="False" />
                <line number="78" hits="1570" branch="False" />
                <line number="80" hits="1626" branch="False" />
              </lines>
            </method>
            <method name="Unpin" signature="(AeternumDB.Core.Types.PageId,System.Boolean)" line-rate="1" branch-rate="1" complexity="6">
              <lines>
                <line number="88" hits="1572" branch="False" />
                <line number="90" hits="1572" branch="True" condition-coverage="100% (2/2)">
                  <conditions>
                    <condition number="31" type="jump" coverage="100%" />
                  </conditions>
                </line>
                <line number="91" hits="1" branch="False" />
                <line number="92" hits="1" branch="False" />
                <line number="93" hits="1571" branch="True" condition-coverage="100% (2/2)">
                  <conditions>
                    <condition number="94" type="jump" coverage="100%" />
                  </conditions>
                </line>
                <line number="94" hits="1" branch="False" />
                <line number="95" hits="1" branch="False" />
                <line number="96" hits="1570" branch="False" />
                <line number="97" hits="2026" branch="True" condition-coverage="100% (2/2)">
                  <conditions>
                    <condition number="171" type="jump" coverage="100%" />
                  </conditions>
                </line>
                <line number="98" hits="1570" branch="False" />
                <line number="99" hits="1570" branch="False" />
              </lines>
            </method>
            <method name="FlushDirty" signature="()" line-rate="1" branch-rate="1" complexity="6">
              <lines>
                <line number="107" hits="466" branch="False" />
                <line number="109" hits="466" branch="False" />
                <line number="110" hits="8700" branch="True" condition-coverage="100% (2/2)">
                  <conditions>
                    <condition number="110" type="jump" coverage="100%" />
                  </conditions>
                </line>
                <line number="111" hits="3884" branch="True" condition-coverage="100% (4/4)">
                  <conditions>
                    <condition number="72" type="jump" coverage="100%" />
                    <condition number="81" type="jump" coverage="100%" />
                  </conditions>
                </line>
                <line number="112" hits="455" branch="False" />
                <line number="113" hits="466" branch="False" />
                <line number="115" hits="466" branch="False" />
              </lines>
            </method>
            <method name="MarkClean" signature="(AeternumDB.Core.Types.PageId)" line-rate="1" branch-rate="1" complexity="2">
              <lines>
                <line number="120" hits="455" branch="False" />
                <line number="122" hits="455" branch="True" condition-coverage="100% (2/2)">
                  <conditions>
                    <condition number="31" type="jump" coverage="100%" />
                  </conditions>
                </line>
                <line number="123" hits="455" branch="False" />
                <line number="124" hits="455" branch="False" />
                <line number="125" hits="455" branch="False" />
              </lines>
            </method>
            <method name="Dispose" signature="()" line-rate="1" branch-rate="1" complexity="1">
              <lines>
                <line number="129" hits="11" branch="False" />
                <line number="130" hits="11" branch="False" />
              </lines>
            </method>
            <method name="EvictLruVictim" signature="()" line-rate="1" branch-rate="1" complexity="8">
              <lines>
                <line number="134" hits="2" branch="False" />
                <line number="135" hits="3" branch="True" condition-coverage="100% (2/2)">
                  <conditions>
                    <condition number="87" type="jump" coverage="100%" />
                  </conditions>
                </line>
                <line number="137" hits="2" branch="False" />
                <line number="138" hits="2" branch="True" condition-coverage="100% (6/6)">
                  <conditions>
                    <condition number="35" type="jump" coverage="100%" />
                    <condition number="43" type="jump" coverage="100%" />
                    <condition number="51" type="jump" coverage="100%" />
                  </conditions>
                </line>
                <line number="139" hits="2" branch="False" />
                <line number="141" hits="1" branch="False" />
                <line number="142" hits="1" branch="False" />
                <line number="143" hits="1" branch="False" />
                <line number="145" hits="1" branch="False" />
                <line number="147" hits="1" branch="False" />
                <line number="148" hits="1" branch="False" />
              </lines>
            </method>
            <method name="TouchLru" signature="(System.Collections.Generic.LinkedListNode`1&lt;AeternumDB.Core.Types.PageId&gt;)" line-rate="1" branch-rate="1" complexity="1">
              <lines>
                <line number="153" hits="1570" branch="False" />
                <line number="154" hits="1570" branch="False" />
                <line number="155" hits="1570" branch="False" />
              </lines>
            </method>
            <method name=".ctor" signature="(System.Int32)" line-rate="1" branch-rate="1" complexity="1">
              <lines>
                <line number="29" hits="15" branch="False" />
                <line number="34" hits="15" branch="False" />
                <line number="36" hits="15" branch="False" />
                <line number="37" hits="15" branch="False" />
                <line number="38" hits="15" branch="False" />
                <line number="39" hits="15" branch="False" />
                <line number="40" hits="15" branch="False" />
              </lines>
            </method>
          </methods>
          <lines>
            <line number="31" hits="0" branch="False" />
            <line number="32" hits="3" branch="False" />
            <line number="49" hits="61" branch="False" />
            <line number="51" hits="61" branch="True" condition-coverage="100% (2/2)">
              <conditions>
                <condition number="29" type="jump" coverage="100%" />
              </conditions>
            </line>
            <line number="52" hits="1" branch="False" />
            <line number="54" hits="60" branch="True" condition-coverage="100% (2/2)">
              <conditions>
                <condition number="50" type="jump" coverage="100%" />
              </conditions>
            </line>
            <line number="55" hits="2" branch="False" />
            <line number="57" hits="59" branch="False" />
            <line number="58" hits="59" branch="False" />
            <line number="59" hits="59" branch="False" />
            <line number="60" hits="60" branch="False" />
            <line number="68" hits="1626" branch="False" />
            <line number="70" hits="1626" branch="True" condition-coverage="100% (2/2)">
              <conditions>
                <condition number="31" type="jump" coverage="100%" />
              </conditions>
            </line>
            <line number="72" hits="56" branch="False" />
            <line number="73" hits="56" branch="False" />
            <line number="75" hits="1570" branch="False" />
            <line number="76" hits="1570" branch="False" />
            <line number="77" hits="1570" branch="False" />
            <line number="78" hits="1570" branch="False" />
            <line number="80" hits="1626" branch="False" />
            <line number="88" hits="1572" branch="False" />
            <line number="90" hits="1572" branch="True" condition-coverage="100% (2/2)">
              <conditions>
                <condition number="31" type="jump" coverage="100%" />
              </conditions>
            </line>
            <line number="91" hits="1" branch="False" />
            <line number="92" hits="1" branch="False" />
            <line number="93" hits="1571" branch="True" condition-coverage="100% (2/2)">
              <conditions>
                <condition number="94" type="jump" coverage="100%" />
              </conditions>
            </line>
            <line number="94" hits="1" branch="False" />
            <line number="95" hits="1" branch="False" />
            <line number="96" hits="1570" branch="False" />
            <line number="97" hits="2026" branch="True" condition-coverage="100% (2/2)">
              <conditions>
                <condition number="171" type="jump" coverage="100%" />
              </conditions>
            </line>
            <line number="98" hits="1570" branch="False" />
            <line number="99" hits="1570" branch="False" />
            <line number="107" hits="466" branch="False" />
            <line number="109" hits="466" branch="False" />
            <line number="110" hits="8700" branch="True" condition-coverage="100% (2/2)">
              <conditions>
                <condition number="110" type="jump" coverage="100%" />
              </conditions>
            </line>
            <line number="111" hits="3884" branch="True" condition-coverage="100% (4/4)">
              <conditions>
                <condition number="72" type="jump" coverage="100%" />
                <condition number="81" type="jump" coverage="100%" />
              </conditions>
            </line>
            <line number="112" hits="455" branch="False" />
            <line number="113" hits="466" branch="False" />
            <line number="115" hits="466" branch="False" />
            <line number="120" hits="455" branch="False" />
            <line number="122" hits="455" branch="True" condition-coverage="100% (2/2)">
              <conditions>
                <condition number="31" type="jump" coverage="100%" />
              </conditions>
            </line>
            <line number="123" hits="455" branch="False" />
            <line number="124" hits="455" branch="False" />
            <line number="125" hits="455" branch="False" />
            <line number="129" hits="11" branch="False" />
            <line number="130" hits="11" branch="False" />
            <line number="134" hits="2" branch="False" />
            <line number="135" hits="3" branch="True" condition-coverage="100% (2/2)">
              <conditions>
                <condition number="87" type="jump" coverage="100%" />
              </conditions>
            </line>
            <line number="137" hits="2" branch="False" />
            <line number="138" hits="2" branch="True" condition-coverage="100% (6/6)">
              <conditions>
                <condition number="35" type="jump" coverage="100%" />
                <condition number="43" type="jump" coverage="100%" />
                <condition number="51" type="jump" coverage="100%" />
              </conditions>
            </line>
            <line number="139" hits="2" branch="False" />
            <line number="141" hits="1" branch="False" />
            <line number="142" hits="1" branch="False" />
            <line number="143" hits="1" branch="False" />
            <line number="145" hits="1" branch="False" />
            <line number="147" hits="1" branch="False" />
            <line number="148" hits="1" branch="False" />
            <line number="153" hits="1570" branch="False" />
            <line number="154" hits="1570" branch="False" />
            <line number="155" hits="1570" branch="False" />
            <line number="29" hits="15" branch="False" />
            <line number="34" hits="15" branch="False" />
            <line number="36" hits="15" branch="False" />
            <line number="37" hits="15" branch="False" />
            <line number="38" hits="15" branch="False" />
            <line number="39" hits="15" branch="False" />
            <line number="40" hits="15" branch="False" />
          </lines>
        </class>
        <class name="AeternumDB.Core.Storage.BufferPool/Frame" filename="Storage/BufferPool.cs" line-rate="1" branch-rate="1" complexity="5">
          <methods>
            <method name="get_Node" signature="()" line-rate="1" branch-rate="1" complexity="1">
              <lines>
                <line number="20" hits="1629" branch="False" />
              </lines>
            </method>
            <method name="get_Data" signature="()" line-rate="1" branch-rate="1" complexity="1">
              <lines>
                <line number="21" hits="2084" branch="False" />
              </lines>
            </method>
            <method name="get_Dirty" signature="()" line-rate="1" branch-rate="1" complexity="1">
              <lines>
                <line number="22" hits="4797" branch="False" />
              </lines>
            </method>
            <method name="get_PinCount" signature="()" line-rate="1" branch-rate="1" complexity="1">
              <lines>
                <line number="23" hits="8308" branch="False" />
              </lines>
            </method>
            <method name=".ctor" signature="(System.Collections.Generic.LinkedListNode`1&lt;AeternumDB.Core.Types.PageId&gt;,System.Byte[])" line-rate="1" branch-rate="1" complexity="1">
              <lines>
                <line number="18" hits="59" branch="False" />
              </lines>
            </method>
          </methods>
          <lines>
            <line number="20" hits="1629" branch="False" />
            <line number="21" hits="2084" branch="False" />
            <line number="22" hits="4797" branch="False" />
            <line number="23" hits="8308" branch="False" />
            <line number="18" hits="59" branch="False" />
          </lines>
        </class>
        <class name="AeternumDB.Core.Storage.FileManager" filename="Storage/FileManager.cs" line-rate="0.8461" branch-rate="0.5" complexity="7">
          <methods>
            <method name="FileOffset" signature="(AeternumDB.Core.Types.PageId)" line-rate="1" branch-rate="1" complexity="1">
              <lines>
                <line number="121" hits="1344" branch="False" />
              </lines>
            </method>
            <method name="CheckValidId" signature="(AeternumDB.Core.Types.PageId)" line-rate="1" branch-rate="1" complexity="2">
              <lines>
                <line number="125" hits="518" branch="True" condition-coverage="100% (2/2)">
                  <conditions>
                    <condition number="18" type="jump" coverage="100%" />
                  </conditions>
                </line>
                <line number="126" hits="1" branch="False" />
                <line number="127" hits="1" branch="False" />
                <line number="128" hits="517" branch="False" />
              </lines>
            </method>
            <method name="IsHeaderFree" signature="(System.Byte[])" line-rate="0" branch-rate="0" complexity="2">
              <lines>
                <line number="225" hits="0" branch="True" condition-coverage="0% (0/2)">
                  <conditions>
                    <condition number="4" type="jump" coverage="0%" />
                  </conditions>
                </line>
              </lines>
            </method>
            <method name="IsAllZero" signature="(System.Byte[])" line-rate="0" branch-rate="1" complexity="1">
              <lines>
                <line number="227" hits="0" branch="False" />
              </lines>
            </method>
            <method name=".ctor" signature="(Microsoft.Win32.SafeHandles.SafeFileHandle,System.Int32,System.Collections.Generic.List`1&lt;System.Boolean&gt;,System.Collections.Generic.Stack`1&lt;AeternumDB.Core.Types.PageId&gt;)" line-rate="1" branch-rate="1" complexity="1">
              <lines>
                <line number="27" hits="12" branch="False" />
                <line number="29" hits="12" branch="False" />
                <line number="30" hits="12" branch="False" />
                <line number="31" hits="12" branch="False" />
                <line number="32" hits="12" branch="False" />
                <line number="33" hits="12" branch="False" />
              </lines>
            </method>
          </methods>
          <lines>
            <line number="121" hits="1344" branch="False" />
            <line number="125" hits="518" branch="True" condition-coverage="100% (2/2)">
              <conditions>
                <condition number="18" type="jump" coverage="100%" />
              </conditions>
            </line>
            <line number="126" hits="1" branch="False" />
            <line number="127" hits="1" branch="False" />
            <line number="128" hits="517" branch="False" />
            <line number="225" hits="0" branch="True" condition-coverage="0% (0/2)">
              <conditions>
                <condition number="4" type="jump" coverage="0%" />
              </conditions>
            </line>
            <line number="227" hits="0" branch="False" />
            <line number="27" hits="12" branch="False" />
            <line number="29" hits="12" branch="False" />
            <line number="30" hits="12" branch="False" />
            <line number="31" hits="12" branch="False" />
            <line number="32" hits="12" branch="False" />
            <line number="33" hits="12" branch="False" />
          </lines>
        </class>
        <class name="AeternumDB.Core.Storage.FileManager/&lt;AllocatePageAsync&gt;d__7" filename="Storage/FileManager.cs" line-rate="1" branch-rate="1" complexity="2">
          <methods>
            <method name="MoveNext" signature="()" line-rate="1" branch-rate="1" complexity="2">
              <lines>
                <line number="58" hits="62" branch="True" condition-coverage="100% (2/2)">
                  <conditions>
                    <condition number="44" type="jump" coverage="100%" />
                  </conditions>
                </line>
                <line number="60" hits="50" branch="False" />
                <line number="61" hits="50" branch="False" />
                <line number="62" hits="50" branch="False" />
                <line number="63" hits="50" branch="False" />
                <line number="65" hits="12" branch="False" />
                <line number="66" hits="62" branch="False" />
              </lines>
            </method>
          </methods>
          <lines>
            <line number="58" hits="62" branch="True" condition-coverage="100% (2/2)">
              <conditions>
                <condition number="44" type="jump" coverage="100%" />
              </conditions>
            </line>
            <line number="60" hits="50" branch="False" />
            <line number="61" hits="50" branch="False" />
            <line number="62" hits="50" branch="False" />
            <line number="63" hits="50" branch="False" />
            <line number="65" hits="12" branch="False" />
            <line number="66" hits="62" branch="False" />
          </lines>
        </class>
        <class name="AeternumDB.Core.Storage.FileManager/&lt;DeallocatePageAsync&gt;d__8" filename="Storage/FileManager.cs" line-rate="1" branch-rate="1" complexity="2">
          <methods>
            <method name="MoveNext" signature="()" line-rate="1" branch-rate="1" complexity="2">
              <lines>
                <line number="74" hits="5" branch="False" />
                <line number="75" hits="5" branch="True" condition-coverage="100% (2/2)">
                  <conditions>
                    <condition number="55" type="jump" coverage="100%" />
                  </conditions>
                </line>
                <line number="76" hits="1" branch="False" />
                <line number="77" hits="1" branch="False" />
                <line number="79" hits="4" branch="False" />
                <line number="80" hits="4" branch="False" />
                <line number="81" hits="4" branch="False" />
                <line number="82" hits="4" branch="False" />
              </lines>
            </method>
          </methods>
          <lines>
            <line number="74" hits="5" branch="False" />
            <line number="75" hits="5" branch="True" condition-coverage="100% (2/2)">
              <conditions>
                <condition number="55" type="jump" coverage="100%" />
              </conditions>
            </line>
            <line number="76" hits="1" branch="False" />
            <line number="77" hits="1" branch="False" />
            <line number="79" hits="4" branch="False" />
            <line number="80" hits="4" branch="False" />
            <line number="81" hits="4" branch="False" />
            <line number="82" hits="4" branch="False" />
          </lines>
        </class>
        <class name="AeternumDB.Core.Storage.FileManager/&lt;DisposeAsync&gt;d__11" filename="Storage/FileManager.cs" line-rate="1" branch-rate="1" complexity="1">
          <methods>
            <method name="MoveNext" signature="()" line-rate="1" branch-rate="1" complexity="1">
              <lines>
                <line number="116" hits="12" branch="False" />
                <line number="117" hits="12" branch="False" />
                <line number="118" hits="12" branch="False" />
                <line number="119" hits="12" branch="False" />
              </lines>
            </method>
          </methods>
          <lines>
            <line number="116" hits="12" branch="False" />
            <line number="117" hits="12" branch="False" />
            <line number="118" hits="12" branch="False" />
            <line number="119" hits="12" branch="False" />
          </lines>
        </class>
        <class name="AeternumDB.Core.Storage.FileManager/&lt;ExtendFileAsync&gt;d__15" filename="Storage/FileManager.cs" line-rate="1" branch-rate="1" complexity="2">
          <methods>
            <method name="MoveNext" signature="()" line-rate="1" branch-rate="1" complexity="2">
              <lines>
                <line number="151" hits="12" branch="False" />
                <line number="152" hits="12" branch="False" />
                <line number="154" hits="12" branch="False" />
                <line number="157" hits="780" branch="True" condition-coverage="100% (2/2)">
                  <conditions>
                    <condition number="221" type="jump" coverage="100%" />
                  </conditions>
                </line>
                <line number="158" hits="768" branch="False" />
                <line number="161" hits="12" branch="False" />
                <line number="162" hits="12" branch="False" />
              </lines>
            </method>
          </methods>
          <lines>
            <line number="151" hits="12" branch="False" />
            <line number="152" hits="12" branch="False" />
            <line number="154" hits="12" branch="False" />
            <line number="157" hits="780" branch="True" condition-coverage="100% (2/2)">
              <conditions>
                <condition number="221" type="jump" coverage="100%" />
              </conditions>
            </line>
            <line number="158" hits="768" branch="False" />
            <line number="161" hits="12" branch="False" />
            <line number="162" hits="12" branch="False" />
          </lines>
        </class>
        <class name="AeternumDB.Core.Storage.FileManager/&lt;GrowAndAllocateAsync&gt;d__14" filename="Storage/FileManager.cs" line-rate="1" branch-rate="1" complexity="2">
          <methods>
            <method name="MoveNext" signature="()" line-rate="1" branch-rate="1" complexity="2">
              <lines>
                <line number="132" hits="12" branch="False" />
                <line number="133" hits="12" branch="False" />
                <line number="135" hits="12" branch="False" />
                <line number="138" hits="1536" branch="True" condition-coverage="100% (2/2)">
                  <conditions>
                    <condition number="201" type="jump" coverage="100%" />
                  </conditions>
                </line>
                <line number="139" hits="756" branch="False" />
                <line number="142" hits="12" branch="False" />
                <line number="143" hits="12" branch="False" />
                <line number="144" hits="12" branch="False" />
                <line number="145" hits="12" branch="False" />
                <line number="146" hits="12" branch="False" />
                <line number="147" hits="12" branch="False" />
              </lines>
            </method>
          </methods>
          <lines>
            <line number="132" hits="12" branch="False" />
            <line number="133" hits="12" branch="False" />
            <line number="135" hits="12" branch="False" />
            <line number="138" hits="1536" branch="True" condition-coverage="100% (2/2)">
              <conditions>
                <condition number="201" type="jump" coverage="100%" />
              </conditions>
            </line>
            <line number="139" hits="756" branch="False" />
            <line number="142" hits="12" branch="False" />
            <line number="143" hits="12" branch="False" />
            <line number="144" hits="12" branch="False" />
            <line number="145" hits="12" branch="False" />
            <line number="146" hits="12" branch="False" />
            <line number="147" hits="12" branch="False" />
          </lines>
        </class>
        <class name="AeternumDB.Core.Storage.FileManager/&lt;OpenAsync&gt;d__6" filename="Storage/FileManager.cs" line-rate="1" branch-rate="0.8332999999999999" complexity="6">
          <methods>
            <method name="MoveNext" signature="()" line-rate="1" branch-rate="0.8332999999999999" complexity="6">
              <lines>
                <line number="38" hits="14" branch="True" condition-coverage="100% (2/2)">
                  <conditions>
                    <condition number="21" type="jump" coverage="100%" />
                  </conditions>
                </line>
                <line number="39" hits="1" branch="False" />
                <line number="40" hits="1" branch="False" />
                <line number="41" hits="13" branch="True" condition-coverage="100% (2/2)">
                  <conditions>
                    <condition number="86" type="jump" coverage="100%" />
                  </conditions>
                </line>
                <line number="42" hits="1" branch="False" />
                <line number="43" hits="1" branch="False" />
                <line number="45" hits="12" branch="False" />
                <line number="46" hits="12" branch="False" />
                <line number="48" hits="12" branch="False" />
                <line number="49" hits="12" branch="True" condition-coverage="50% (1/2)">
                  <conditions>
                    <condition number="144" type="jump" coverage="50%" />
                  </conditions>
                </line>
                <line number="51" hits="12" branch="False" />
                <line number="52" hits="12" branch="False" />
                <line number="53" hits="12" branch="False" />
              </lines>
            </method>
          </methods>
          <lines>
            <line number="38" hits="14" branch="True" condition-coverage="100% (2/2)">
              <conditions>
                <condition number="21" type="jump" coverage="100%" />
              </conditions>
            </line>
            <line number="39" hits="1" branch="False" />
            <line number="40" hits="1" branch="False" />
            <line number="41" hits="13" branch="True" condition-coverage="100% (2/2)">
              <conditions>
                <condition number="86" type="jump" coverage="100%" />
              </conditions>
            </line>
            <line number="42" hits="1" branch="False" />
            <line number="43" hits="1" branch="False" />
            <line number="45" hits="12" branch="False" />
            <line number="46" hits="12" branch="False" />
            <line number="48" hits="12" branch="False" />
            <line number="49" hits="12" branch="True" condition-coverage="50% (1/2)">
              <conditions>
                <condition number="144" type="jump" coverage="50%" />
              </conditions>
            </line>
            <line number="51" hits="12" branch="False" />
            <line number="52" hits="12" branch="False" />
            <line number="53" hits="12" branch="False" />
          </lines>
        </class>
        <class name="AeternumDB.Core.Storage.FileManager/&lt;ReadPageAsync&gt;d__10" filename="Storage/FileManager.cs" line-rate="0.8181" branch-rate="0.75" complexity="4">
          <methods>
            <method name="MoveNext" signature="()" line-rate="0.8181" branch-rate="0.75" complexity="4">
              <lines>
                <line number="101" hits="57" branch="False" />
                <line number="102" hits="56" branch="True" condition-coverage="100% (2/2)">
                  <conditions>
                    <condition number="55" type="jump" coverage="100%" />
                  </conditions>
                </line>
                <line number="103" hits="1" branch="False" />
                <line number="104" hits="1" branch="False" />
                <line number="106" hits="55" branch="False" />
                <line number="107" hits="55" branch="False" />
                <line number="108" hits="55" branch="True" condition-coverage="50% (1/2)">
                  <conditions>
                    <condition number="279" type="jump" coverage="50%" />
                  </conditions>
                </line>
                <line number="109" hits="0" branch="False" />
                <line number="110" hits="0" branch="False" />
                <line number="111" hits="55" branch="False" />
                <line number="112" hits="55" branch="False" />
              </lines>
            </method>
          </methods>
          <lines>
            <line number="101" hits="57" branch="False" />
            <line number="102" hits="56" branch="True" condition-coverage="100% (2/2)">
              <conditions>
                <condition number="55" type="jump" coverage="100%" />
              </conditions>
            </line>
            <line number="103" hits="1" branch="False" />
            <line number="104" hits="1" branch="False" />
            <line number="106" hits="55" branch="False" />
            <line number="107" hits="55" branch="False" />
            <line number="108" hits="55" branch="True" condition-coverage="50% (1/2)">
              <conditions>
                <condition number="279" type="jump" coverage="50%" />
              </conditions>
            </line>
            <line number="109" hits="0" branch="False" />
            <line number="110" hits="0" branch="False" />
            <line number="111" hits="55" branch="False" />
            <line number="112" hits="55" branch="False" />
          </lines>
        </class>
        <class name="AeternumDB.Core.Storage.FileManager/&lt;ScanAllocationStateAsync&gt;d__19" filename="Storage/FileManager.cs" line-rate="0.5" branch-rate="0.25" complexity="8">
          <methods>
            <method name="MoveNext" signature="()" line-rate="0.5" branch-rate="0.25" complexity="8">
              <lines>
                <line number="195" hits="12" branch="False" />
                <line number="196" hits="12" branch="False" />
                <line number="198" hits="12" branch="False" />
                <line number="199" hits="24" branch="True" condition-coverage="50% (1/2)">
                  <conditions>
                    <condition number="311" type="jump" coverage="50%" />
                  </conditions>
                </line>
                <line number="201" hits="0" branch="False" />
                <line number="202" hits="0" branch="False" />
                <line number="203" hits="0" branch="False" />
                <line number="205" hits="0" branch="True" condition-coverage="0% (0/4)">
                  <conditions>
                    <condition number="222" type="jump" coverage="0%" />
                    <condition number="235" type="jump" coverage="0%" />
                  </conditions>
                </line>
                <line number="207" hits="0" branch="False" />
                <line number="208" hits="0" branch="False" />
                <line number="212" hits="0" branch="False" />
                <line number="217" hits="12" branch="False" />
                <line number="218" hits="24" branch="True" condition-coverage="50% (1/2)">
                  <conditions>
                    <condition number="376" type="jump" coverage="50%" />
                  </conditions>
                </line>
                <line number="219" hits="0" branch="False" />
                <line number="221" hits="12" branch="False" />
                <line number="222" hits="12" branch="False" />
              </lines>
            </method>
          </methods>
          <lines>
            <line number="195" hits="12" branch="False" />
            <line number="196" hits="12" branch="False" />
            <line number="198" hits="12" branch="False" />
            <line number="199" hits="24" branch="True" condition-coverage="50% (1/2)">
              <conditions>
                <condition number="311" type="jump" coverage="50%" />
              </conditions>
            </line>
            <line number="201" hits="0" branch="False" />
            <line number="202" hits="0" branch="False" />
            <line number="203" hits="0" branch="False" />
            <line number="205" hits="0" branch="True" condition-coverage="0% (0/4)">
              <conditions>
                <condition number="222" type="jump" coverage="0%" />
                <condition number="235" type="jump" coverage="0%" />
              </conditions>
            </line>
            <line number="207" hits="0" branch="False" />
            <line number="208" hits="0" branch="False" />
            <line number="212" hits="0" branch="False" />
            <line number="217" hits="12" branch="False" />
            <line number="218" hits="24" branch="True" condition-coverage="50% (1/2)">
              <conditions>
                <condition number="376" type="jump" coverage="50%" />
              </conditions>
            </line>
            <line number="219" hits="0" branch="False" />
            <line number="221" hits="12" branch="False" />
            <line number="222" hits="12" branch="False" />
          </lines>
        </class>
        <class name="AeternumDB.Core.Storage.FileManager/&lt;WriteFreeHeadersForRangeAsync&gt;d__16" filename="Storage/FileManager.cs" line-rate="1" branch-rate="1" complexity="2">
          <methods>
            <method name="MoveNext" signature="()" line-rate="1" branch-rate="1" complexity="2">
              <lines>
                <line number="166" hits="12" branch="False" />
                <line number="167" hits="12" branch="False" />
                <line number="169" hits="1560" branch="True" condition-coverage="100% (2/2)">
                  <conditions>
                    <condition number="285" type="jump" coverage="100%" />
                  </conditions>
                </line>
                <line number="171" hits="768" branch="False" />
                <line number="172" hits="768" branch="False" />
                <line number="173" hits="768" branch="False" />
                <line number="174" hits="768" branch="False" />
                <line number="175" hits="768" branch="False" />
                <line number="177" hits="12" branch="False" />
              </lines>
            </method>
          </methods>
          <lines>
            <line number="166" hits="12" branch="False" />
            <line number="167" hits="12" branch="False" />
            <line number="169" hits="1560" branch="True" condition-coverage="100% (2/2)">
              <conditions>
                <condition number="285" type="jump" coverage="100%" />
              </conditions>
            </line>
            <line number="171" hits="768" branch="False" />
            <line number="172" hits="768" branch="False" />
            <line number="173" hits="768" branch="False" />
            <line number="174" hits="768" branch="False" />
            <line number="175" hits="768" branch="False" />
            <line number="177" hits="12" branch="False" />
          </lines>
        </class>
        <class name="AeternumDB.Core.Storage.FileManager/&lt;WriteFreeMarkerAsync&gt;d__17" filename="Storage/FileManager.cs" line-rate="1" branch-rate="1" complexity="1">
          <methods>
            <method name="MoveNext" signature="()" line-rate="1" branch-rate="1" complexity="1">
              <lines>
[...]
          <methods>
            <method name="Build" signature="()" line-rate="1" branch-rate="1" complexity="12">
              <lines>
                <line number="24" hits="7" branch="False" />
                <line number="25" hits="8" branch="True" condition-coverage="100% (2/2)">
                  <conditions>
                    <condition number="27" type="jump" coverage="100%" />
                  </conditions>
                </line>
                <line number="26" hits="7" branch="True" condition-coverage="100% (2/2)">
                  <conditions>
                    <condition number="56" type="jump" coverage="100%" />
                  </conditions>
                </line>
                <line number="27" hits="6" branch="True" condition-coverage="100% (2/2)">
                  <conditions>
                    <condition number="85" type="jump" coverage="100%" />
                  </conditions>
                </line>
                <line number="28" hits="5" branch="True" condition-coverage="100% (2/2)">
                  <conditions>
                    <condition number="114" type="jump" coverage="100%" />
                  </conditions>
                </line>
                <line number="29" hits="4" branch="True" condition-coverage="100% (2/2)">
                  <conditions>
                    <condition number="143" type="jump" coverage="100%" />
                  </conditions>
                </line>
                <line number="30" hits="3" branch="True" condition-coverage="100% (2/2)">
                  <conditions>
                    <condition number="172" type="jump" coverage="100%" />
                  </conditions>
                </line>
                <line number="31" hits="1" branch="False" />
              </lines>
            </method>
            <method name=".cctor" signature="()" line-rate="1" branch-rate="1" complexity="1">
              <lines>
                <line number="20" hits="7" branch="False" />
              </lines>
            </method>
          </methods>
          <lines>
            <line number="24" hits="7" branch="False" />
            <line number="25" hits="8" branch="True" condition-coverage="100% (2/2)">
              <conditions>
                <condition number="27" type="jump" coverage="100%" />
              </conditions>
            </line>
            <line number="26" hits="7" branch="True" condition-coverage="100% (2/2)">
              <conditions>
                <condition number="56" type="jump" coverage="100%" />
              </conditions>
            </line>
            <line number="27" hits="6" branch="True" condition-coverage="100% (2/2)">
              <conditions>
                <condition number="85" type="jump" coverage="100%" />
              </conditions>
            </line>
            <line number="28" hits="5" branch="True" condition-coverage="100% (2/2)">
              <conditions>
                <condition number="114" type="jump" coverage="100%" />
              </conditions>
            </line>
            <line number="29" hits="4" branch="True" condition-coverage="100% (2/2)">
              <conditions>
                <condition number="143" type="jump" coverage="100%" />
              </conditions>
            </line>
            <line number="30" hits="3" branch="True" condition-coverage="100% (2/2)">
              <conditions>
                <condition number="172" type="jump" coverage="100%" />
              </conditions>
            </line>
            <line number="31" hits="1" branch="False" />
            <line number="20" hits="7" branch="False" />
          </lines>
        </class>
        <class name="AeternumDB.Core.Index.Int64Codec" filename="Index/IndexCodec.cs" line-rate="0.8332999999999999" branch-rate="0.5" complexity="3">
          <methods>
            <method name="Serialize" signature="(System.Int64)" line-rate="1" branch-rate="1" complexity="1">
              <lines>
                <line number="39" hits="18" branch="False" />
                <line number="40" hits="18" branch="False" />
                <line number="41" hits="18" branch="False" />
              </lines>
            </method>
            <method name="Deserialize" signature="(System.ReadOnlySpan`1&lt;System.Byte&gt;)" line-rate="0.6666" branch-rate="0.5" complexity="2">
              <lines>
                <line number="46" hits="65" branch="True" condition-coverage="50% (1/2)">
                  <conditions>
                    <condition number="8" type="jump" coverage="50%" />
                  </conditions>
                </line>
                <line number="47" hits="0" branch="False" />
                <line number="48" hits="65" branch="False" />
              </lines>
            </method>
          </methods>
          <lines>
            <line number="39" hits="18" branch="False" />
            <line number="40" hits="18" branch="False" />
            <line number="41" hits="18" branch="False" />
            <line number="46" hits="65" branch="True" condition-coverage="50% (1/2)">
              <conditions>
                <condition number="8" type="jump" coverage="50%" />
              </conditions>
            </line>
            <line number="47" hits="0" branch="False" />
            <line number="48" hits="65" branch="False" />
          </lines>
        </class>
        <class name="AeternumDB.Core.Index.UInt64Codec" filename="Index/IndexCodec.cs" line-rate="0.8332999999999999" branch-rate="0.5" complexity="3">
          <methods>
            <method name="Serialize" signature="(System.UInt64)" line-rate="1" branch-rate="1" complexity="1">
              <lines>
                <line number="56" hits="1" branch="False" />
                <line number="57" hits="1" branch="False" />
                <line number="58" hits="1" branch="False" />
              </lines>
            </method>
            <method name="Deserialize" signature="(System.ReadOnlySpan`1&lt;System.Byte&gt;)" line-rate="0.6666" branch-rate="0.5" complexity="2">
              <lines>
                <line number="63" hits="1" branch="True" condition-coverage="50% (1/2)">
                  <conditions>
                    <condition number="8" type="jump" coverage="50%" />
                  </conditions>
                </line>
                <line number="64" hits="0" branch="False" />
                <line number="65" hits="1" branch="False" />
              </lines>
            </method>
          </methods>
          <lines>
            <line number="56" hits="1" branch="False" />
            <line number="57" hits="1" branch="False" />
            <line number="58" hits="1" branch="False" />
            <line number="63" hits="1" branch="True" condition-coverage="50% (1/2)">
              <conditions>
                <condition number="8" type="jump" coverage="50%" />
              </conditions>
            </line>
            <line number="64" hits="0" branch="False" />
            <line number="65" hits="1" branch="False" />
          </lines>
        </class>
        <class name="AeternumDB.Core.Index.Int32Codec" filename="Index/IndexCodec.cs" line-rate="0.8332999999999999" branch-rate="0.5" complexity="3">
          <methods>
            <method name="Serialize" signature="(System.Int32)" line-rate="1" branch-rate="1" complexity="1">
              <lines>
                <line number="73" hits="109" branch="False" />
                <line number="74" hits="109" branch="False" />
                <line number="75" hits="109" branch="False" />
              </lines>
            </method>
            <method name="Deserialize" signature="(System.ReadOnlySpan`1&lt;System.Byte&gt;)" line-rate="0.6666" branch-rate="0.5" complexity="2">
              <lines>
                <line number="80" hits="516" branch="True" condition-coverage="50% (1/2)">
                  <conditions>
                    <condition number="8" type="jump" coverage="50%" />
                  </conditions>
                </line>
                <line number="81" hits="0" branch="False" />
                <line number="82" hits="516" branch="False" />
              </lines>
            </method>
          </methods>
          <lines>
            <line number="73" hits="109" branch="False" />
            <line number="74" hits="109" branch="False" />
            <line number="75" hits="109" branch="False" />
            <line number="80" hits="516" branch="True" condition-coverage="50% (1/2)">
              <conditions>
                <condition number="8" type="jump" coverage="50%" />
              </conditions>
            </line>
            <line number="81" hits="0" branch="False" />
            <line number="82" hits="516" branch="False" />
          </lines>
        </class>
        <class name="AeternumDB.Core.Index.UInt32Codec" filename="Index/IndexCodec.cs" line-rate="0.8332999999999999" branch-rate="0.5" complexity="3">
          <methods>
            <method name="Serialize" signature="(System.UInt32)" line-rate="1" branch-rate="1" complexity="1">
              <lines>
                <line number="90" hits="1" branch="False" />
                <line number="91" hits="1" branch="False" />
                <line number="92" hits="1" branch="False" />
              </lines>
            </method>
            <method name="Deserialize" signature="(System.ReadOnlySpan`1&lt;System.Byte&gt;)" line-rate="0.6666" branch-rate="0.5" complexity="2">
              <lines>
                <line number="97" hits="1" branch="True" condition-coverage="50% (1/2)">
                  <conditions>
                    <condition number="8" type="jump" coverage="50%" />
                  </conditions>
                </line>
                <line number="98" hits="0" branch="False" />
                <line number="99" hits="1" branch="False" />
              </lines>
            </method>
          </methods>
          <lines>
            <line number="90" hits="1" branch="False" />
            <line number="91" hits="1" branch="False" />
            <line number="92" hits="1" branch="False" />
            <line number="97" hits="1" branch="True" condition-coverage="50% (1/2)">
              <conditions>
                <condition number="8" type="jump" coverage="50%" />
              </conditions>
            </line>
            <line number="98" hits="0" branch="False" />
            <line number="99" hits="1" branch="False" />
          </lines>
        </class>
        <class name="AeternumDB.Core.Index.StringCodec" filename="Index/IndexCodec.cs" line-rate="0.7142000000000001" branch-rate="1" complexity="3">
          <methods>
            <method name="Serialize" signature="(System.String)" line-rate="1" branch-rate="1" complexity="2">
              <lines>
                <line number="107" hits="34" branch="True" condition-coverage="100% (2/2)">
                  <conditions>
                    <condition number="1" type="jump" coverage="100%" />
                  </conditions>
                </line>
                <line number="108" hits="1" branch="False" />
                <line number="109" hits="33" branch="False" />
              </lines>
            </method>
            <method name="Deserialize" signature="(System.ReadOnlySpan`1&lt;System.Byte&gt;)" line-rate="0.5" branch-rate="1" complexity="1">
              <lines>
                <line number="116" hits="10" branch="False" />
                <line number="118" hits="0" branch="False" />
                <line number="120" hits="0" branch="False" />
                <line number="122" hits="10" branch="False" />
              </lines>
            </method>
          </methods>
          <lines>
            <line number="107" hits="34" branch="True" condition-coverage="100% (2/2)">
              <conditions>
                <condition number="1" type="jump" coverage="100%" />
              </conditions>
            </line>
            <line number="108" hits="1" branch="False" />
            <line number="109" hits="33" branch="False" />
            <line number="116" hits="10" branch="False" />
            <line number="118" hits="0" branch="False" />
            <line number="120" hits="0" branch="False" />
            <line number="122" hits="10" branch="False" />
          </lines>
        </class>
        <class name="AeternumDB.Core.Index.BytesCodec" filename="Index/IndexCodec.cs" line-rate="1" branch-rate="1" complexity="3">
          <methods>
            <method name="Serialize" signature="(System.Byte[])" line-rate="1" branch-rate="1" complexity="2">
              <lines>
                <line number="129" hits="2" branch="True" condition-coverage="100% (2/2)">
                  <conditions>
                    <condition number="1" type="jump" coverage="100%" />
                  </conditions>
                </line>
                <line number="130" hits="1" branch="False" />
                <line number="131" hits="1" branch="False" />
              </lines>
            </method>
            <method name="Deserialize" signature="(System.ReadOnlySpan`1&lt;System.Byte&gt;)" line-rate="1" branch-rate="1" complexity="1">
              <lines>
                <line number="134" hits="1" branch="False" />
              </lines>
            </method>
          </methods>
          <lines>
            <line number="129" hits="2" branch="True" condition-coverage="100% (2/2)">
              <conditions>
                <condition number="1" type="jump" coverage="100%" />
              </conditions>
            </line>
            <line number="130" hits="1" branch="False" />
            <line number="131" hits="1" branch="False" />
            <line number="134" hits="1" branch="False" />
          </lines>
        </class>
        <class name="AeternumDB.Core.Index.UnsupportedCodec`1" filename="Index/IndexCodec.cs" line-rate="1" branch-rate="1" complexity="2">
          <methods>
            <method name="Serialize" signature="(T)" line-rate="1" branch-rate="1" complexity="1">
              <lines>
                <line number="140" hits="1" branch="False" />
                <line number="141" hits="1" branch="False" />
              </lines>
            </method>
            <method name="Deserialize" signature="(System.ReadOnlySpan`1&lt;System.Byte&gt;)" line-rate="1" branch-rate="1" complexity="1">
              <lines>
                <line number="144" hits="1" branch="False" />
                <line number="145" hits="1" branch="False" />
              </lines>
            </method>
          </methods>
          <lines>
            <line number="140" hits="1" branch="False" />
            <line number="141" hits="1" branch="False" />
            <line number="144" hits="1" branch="False" />
            <line number="145" hits="1" branch="False" />
          </lines>
        </class>
        <class name="AeternumDB.Core.Errors.StorageException" filename="Errors/Errors.cs" line-rate="1" branch-rate="1" complexity="2">
          <methods>
            <method name="get_Kind" signature="()" line-rate="1" branch-rate="1" complexity="1">
              <lines>
                <line number="17" hits="16" branch="False" />
              </lines>
            </method>
            <method name=".ctor" signature="(AeternumDB.Core.Errors.StorageErrorKind,System.String)" line-rate="1" branch-rate="1" complexity="1">
              <lines>
                <line number="15" hits="10" branch="False" />
              </lines>
            </method>
          </methods>
          <lines>
            <line number="17" hits="16" branch="False" />
            <line number="15" hits="10" branch="False" />
          </lines>
        </class>
        <class name="AeternumDB.Core.Errors.IndexException" filename="Errors/Errors.cs" line-rate="1" branch-rate="1" complexity="2">
          <methods>
            <method name="get_Kind" signature="()" line-rate="1" branch-rate="1" complexity="1">
              <lines>
                <line number="34" hits="30" branch="False" />
              </lines>
            </method>
            <method name=".ctor" signature="(AeternumDB.Core.Errors.IndexErrorKind,System.String)" line-rate="1" branch-rate="1" complexity="1">
              <lines>
                <line number="32" hits="15" branch="False" />
              </lines>
            </method>
          </methods>
          <lines>
            <line number="34" hits="30" branch="False" />
            <line number="32" hits="15" branch="False" />
          </lines>
        </class>
        <class name="AeternumDB.Core.Errors.ExecutorException" filename="Errors/Errors.cs" line-rate="1" branch-rate="1" complexity="2">
          <methods>
            <method name="get_Kind" signature="()" line-rate="1" branch-rate="1" complexity="1">
              <lines>
                <line number="54" hits="2" branch="False" />
              </lines>
            </method>
            <method name=".ctor" signature="(AeternumDB.Core.Errors.ExecutorErrorKind,System.String)" line-rate="1" branch-rate="1" complexity="1">
              <lines>
                <line number="52" hits="1" branch="False" />
              </lines>
            </method>
          </methods>
          <lines>
            <line number="54" hits="2" branch="False" />
            <line number="52" hits="1" branch="False" />
          </lines>
        </class>
        <class name="AeternumDB.Core.Errors.PlannerException" filename="Errors/Errors.cs" line-rate="1" branch-rate="1" complexity="2">
          <methods>
            <method name="get_Kind" signature="()" line-rate="1" branch-rate="1" complexity="1">
              <lines>
                <line number="72" hits="6" branch="False" />
              </lines>
            </method>
            <method name=".ctor" signature="(AeternumDB.Core.Errors.PlannerErrorKind,System.String)" line-rate="1" branch-rate="1" complexity="1">
              <lines>
                <line number="70" hits="3" branch="False" />
              </lines>
            </method>
          </methods>
          <lines>
            <line number="72" hits="6" branch="False" />
            <line number="70" hits="3" branch="False" />
          </lines>
        </class>
        <class name="AeternumDB.Core.Config.StorageConfig" filename="Config/Config.cs" line-rate="1" branch-rate="1" complexity="3">
          <methods>
            <method name="get_DataPath" signature="()" line-rate="1" branch-rate="1" complexity="1">
              <lines>
                <line number="8" hits="32" branch="False" />
              </lines>
            </method>
            <method name="get_BufferPoolSize" signature="()" line-rate="1" branch-rate="1" complexity="1">
              <lines>
                <line number="9" hits="33" branch="False" />
              </lines>
            </method>
            <method name="get_PageSize" signature="()" line-rate="1" branch-rate="1" complexity="1">
              <lines>
                <line number="10" hits="907" branch="False" />
              </lines>
            </method>
          </methods>
          <lines>
            <line number="8" hits="32" branch="False" />
            <line number="9" hits="33" branch="False" />
            <line number="10" hits="907" branch="False" />
          </lines>
        </class>
        <class name="AeternumDB.Core.Config.BTreeConfig" filename="Config/Config.cs" line-rate="1" branch-rate="1" complexity="1">
          <methods>
            <method name="get_Fanout" signature="()" line-rate="1" branch-rate="1" complexity="1">
              <lines>
                <line number="19" hits="28" branch="False" />
              </lines>
            </method>
          </methods>
          <lines>
            <line number="19" hits="28" branch="False" />
          </lines>
        </class>
      </classes>
    </package>
  </packages>
</coverage>